[26-03-26 21:26:44] [INFO] [port_mgr] [port_manager.c:26] Initialized ports
[26-03-26 21:26:44] [INFO] [conn_mgr] [conn_manager.c:14] Initialize connection table
[26-03-26 21:26:44] [INFO] [traffic_mgr] [traffic_manager.c:20] Traffic stats initialized
[26-03-26 21:26:44] [INFO] [cli] [cli.c:874] CLI started
[26-03-26 21:26:44] [INFO] [port_mgr] [port_manager.c:69] port_idx=0 oper_state changed: DOWN -> UP (admin=enabled fault=none)
[26-03-26 21:26:44] [DEBUG] [port_mgr] [port_manager.c:55] Notified conn-mgr: port_idx=0, operational_state=UP
[26-03-26 21:26:44] [INFO] [conn_mgr] [conn_manager.c:62] Port-1 operational_state changed to UP
[26-03-26 21:26:44] [INFO] [port_mgr] [port_manager.c:134] Port admin-enabled: port_idx=0
[26-03-26 21:26:44] [INFO] [port_mgr] [port_manager.c:69] port_idx=1 oper_state changed: DOWN -> UP (admin=enabled fault=none)
[26-03-26 21:26:44] [DEBUG] [port_mgr] [port_manager.c:55] Notified conn-mgr: port_idx=1, operational_state=UP
[26-03-26 21:26:44] [INFO] [conn_mgr] [conn_manager.c:62] Port-2 operational_state changed to UP
[26-03-26 21:26:44] [INFO] [port_mgr] [port_manager.c:134] Port admin-enabled: port_idx=1
[26-03-26 21:26:44] [INFO] [port_mgr] [port_manager.c:69] port_idx=2 oper_state changed: DOWN -> UP (admin=enabled fault=none)
[26-03-26 21:26:44] [DEBUG] [port_mgr] [port_manager.c:55] Notified conn-mgr: port_idx=2, operational_state=UP
[26-03-26 21:26:44] [INFO] [conn_mgr] [conn_manager.c:62] Port-3 operational_state changed to UP
[26-03-26 21:26:44] [INFO] [port_mgr] [port_manager.c:134] Port admin-enabled: port_idx=2
[26-03-26 21:26:44] [INFO] [port_mgr] [port_manager.c:69] port_idx=3 oper_state changed: DOWN -> UP (admin=enabled fault=none)
[26-03-26 21:26:44] [DEBUG] [port_mgr] [port_manager.c:55] Notified conn-mgr: port_idx=3, operational_state=UP
[26-03-26 21:26:44] [INFO] [conn_mgr] [conn_manager.c:62] Port-4 operational_state changed to UP
[26-03-26 21:26:44] [INFO] [port_mgr] [port_manager.c:134] Port admin-enabled: port_idx=3
[26-03-26 21:26:44] [INFO] [port_mgr] [port_manager.c:69] port_idx=4 oper_state changed: DOWN -> UP (admin=enabled fault=none)
[26-03-26 21:26:44] [DEBUG] [port_mgr] [port_manager.c:55] Notified conn-mgr: port_idx=4, operational_state=UP
[26-03-26 21:26:44] [INFO] [conn_mgr] [conn_manager.c:62] Port-5 operational_state changed to UP
[26-03-26 21:26:44] [INFO] [port_mgr] [port_manager.c:134] Port admin-enabled: port_idx=4
[26-03-26 21:26:44] [INFO] [port_mgr] [port_manager.c:69] port_idx=5 oper_state changed: DOWN -> UP (admin=enabled fault=none)
[26-03-26 21:26:44] [DEBUG] [port_mgr] [port_manager.c:55] Notified conn-mgr: port_idx=5, operational_state=UP
[26-03-26 21:26:44] [INFO] [conn_mgr] [conn_manager.c:62] Port-6 operational_state changed to UP
[26-03-26 21:26:44] [INFO] [port_mgr] [port_manager.c:134] Port admin-enabled: port_idx=5
[26-03-26 21:26:44] [DEBUG] [port_mgr] [port_manager.c:102] MSG_GET_PORT_INFO: Returning info for port_idx-0
[26-03-26 21:26:44] [DEBUG] [port_mgr] [port_manager.c:102] MSG_GET_PORT_INFO: Returning info for port_idx-2
[26-03-26 21:26:44] [INFO] [conn_mgr] [conn_manager.c:222] created connection 'xc-1': Client-3 -> Line-1
[26-03-26 21:26:44] [INFO] [traffic_mgr] [traffic_manager.c:130] Traffic stopped
[26-03-26 21:26:44] [INFO] [traffic_mgr] [traffic_manager.c:121] Traffic started (client=0, line=0, 0=random)
[26-03-26 21:26:44] [INFO] [cli] [cli.c:903] CLI exited
[26-03-26 21:26:47] [DEBUG] [traffic_mgr] [traffic_manager.c:32] Frame #1 generated: client-3 -> line-2 msg="Frame-1 payload"
[26-03-26 21:26:47] [WARN] [conn_mgr] [conn_manager.c:118] MSG_LOOKUP_CONNECTION: no connection for client port-3 and line port-2
[26-03-26 21:26:47] [WARN] [traffic_mgr] [traffic_manager.c:85] Frame #1 DROPPED: no usable connection for client-3 line-2
[26-03-26 21:26:47] [INFO] [port_mgr] [port_manager.c:118] Updated counters for port_idx=2: rx=1 dropped=1
[26-03-26 21:26:48] [INFO] [cli] [cli.c:874] CLI started
[26-03-26 21:26:48] [INFO] [traffic_mgr] [traffic_manager.c:121] Traffic started (client=0, line=0, 0=random)
[26-03-26 21:26:48] [INFO] [cli] [cli.c:903] CLI exited
[26-03-26 21:26:48] [INFO] [cli] [cli.c:874] CLI started
[26-03-26 21:26:48] [WARN] [traffic_mgr] [traffic_manager.c:153] Unknown msg_type: 14
[26-03-26 21:26:49] [INFO] [port_mgr] [port_manager.c:192] ----------------------------- HEALTH CHECK -----------------------------
[26-03-26 21:26:49] [INFO] [port_mgr] [port_manager.c:195] port_idx=0 (LINE) admin=Enabled fault=None oper=UP received=0 dropped=0
[26-03-26 21:26:49] [INFO] [port_mgr] [port_manager.c:195] port_idx=1 (LINE) admin=Enabled fault=None oper=UP received=0 dropped=0
[26-03-26 21:26:49] [INFO] [port_mgr] [port_manager.c:195] port_idx=2 (CLIENT) admin=Enabled fault=None oper=UP received=1 dropped=1
[26-03-26 21:26:49] [INFO] [port_mgr] [port_manager.c:195] port_idx=3 (CLIENT) admin=Enabled fault=None oper=UP received=0 dropped=0
[26-03-26 21:26:49] [INFO] [port_mgr] [port_manager.c:195] port_idx=4 (CLIENT) admin=Enabled fault=None oper=UP received=0 dropped=0
[26-03-26 21:26:49] [INFO] [port_mgr] [port_manager.c:195] port_idx=5 (CLIENT) admin=Enabled fault=None oper=UP received=0 dropped=0
[26-03-26 21:26:50] [DEBUG] [traffic_mgr] [traffic_manager.c:32] Frame #2 generated: client-6 -> line-2 msg="Frame-2 payload"
[26-03-26 21:26:50] [WARN] [conn_mgr] [conn_manager.c:118] MSG_LOOKUP_CONNECTION: no connection for client port-6 and line port-2
[26-03-26 21:26:50] [WARN] [traffic_mgr] [traffic_manager.c:85] Frame #2 DROPPED: no usable connection for client-6 line-2
[26-03-26 21:26:50] [INFO] [port_mgr] [port_manager.c:118] Updated counters for port_idx=5: rx=1 dropped=1
[26-03-26 21:26:52] [ERROR] [cli] [common.c:118] recvfrom on port 5003 failed
[26-03-26 21:26:52] [ERROR] [cli] [cli.c:61] Request timed out — is the service running?
[26-03-26 21:26:52] [INFO] [traffic_mgr] [traffic_manager.c:121] Traffic started (client=0, line=0, 0=random)
[26-03-26 21:26:52] [INFO] [cli] [cli.c:903] CLI exited
[26-03-26 21:28:18] [INFO] [cli] [cli.c:874] CLI started
